c:\project\github projects\wincontrol\windows control\controlled\controlled\x64\release\net.obj
c:\project\github projects\wincontrol\windows control\controlled\controlled\x64\release\controlled.obj
c:\project\github projects\wincontrol\windows control\controlled\controlled\x64\release\main.obj
c:\project\github projects\wincontrol\windows control\controlled\controlled\x64\release\winutils.obj
c:\project\github projects\wincontrol\windows control\controlled\controlled\x64\release\qrc_controlled.obj
c:\project\github projects\wincontrol\windows control\controlled\controlled\x64\release\moc_controlled.obj
c:\project\github projects\wincontrol\windows control\controlled\controlled\x64\release\uic\ui_controlled.h
c:\project\github projects\wincontrol\windows control\controlled\controlled\x64\release\rcc\qrc_controlled.cpp
c:\project\github projects\wincontrol\windows control\controlled\controlled\x64\release\moc\moc_controlled.cpp
c:\project\github projects\wincontrol\windows control\controlled\x64\release\controlled.exe
c:\project\github projects\wincontrol\windows control\controlled\controlled\x64\release\controlled.res
c:\project\github projects\wincontrol\windows control\controlled\controlled\x64\release\controlled.tlog\cl.15184.write.1.tlog
c:\project\github projects\wincontrol\windows control\controlled\controlled\x64\release\controlled.tlog\cl.command.1.tlog
c:\project\github projects\wincontrol\windows control\controlled\controlled\x64\release\controlled.tlog\cl.read.1.tlog
c:\project\github projects\wincontrol\windows control\controlled\controlled\x64\release\controlled.tlog\controlled.write.1u.tlog
c:\project\github projects\wincontrol\windows control\controlled\controlled\x64\release\controlled.tlog\link.command.1.tlog
c:\project\github projects\wincontrol\windows control\controlled\controlled\x64\release\controlled.tlog\link.read.1.tlog
c:\project\github projects\wincontrol\windows control\controlled\controlled\x64\release\controlled.tlog\link.write.1.tlog
c:\project\github projects\wincontrol\windows control\controlled\controlled\x64\release\controlled.tlog\moc.read.1u.tlog
c:\project\github projects\wincontrol\windows control\controlled\controlled\x64\release\controlled.tlog\moc.write.1u.tlog
c:\project\github projects\wincontrol\windows control\controlled\controlled\x64\release\controlled.tlog\rc.command.1.tlog
c:\project\github projects\wincontrol\windows control\controlled\controlled\x64\release\controlled.tlog\rc.read.1.tlog
c:\project\github projects\wincontrol\windows control\controlled\controlled\x64\release\controlled.tlog\rc.write.1.tlog
c:\project\github projects\wincontrol\windows control\controlled\controlled\x64\release\controlled.tlog\rcc.read.1u.tlog
c:\project\github projects\wincontrol\windows control\controlled\controlled\x64\release\controlled.tlog\rcc.write.1u.tlog
c:\project\github projects\wincontrol\windows control\controlled\controlled\x64\release\controlled.tlog\uic.read.1u.tlog
c:\project\github projects\wincontrol\windows control\controlled\controlled\x64\release\controlled.tlog\uic.write.1u.tlog
